2024-11-12 08:47:54.458 [info] Started local extension host with pid 122218.
2024-11-12 08:47:54.615 [info] Started initializing default profile extensions in extensions installation folder. file:///root/.vscode/extensions
2024-11-12 08:47:55.055 [info] Completed initializing default profile extensions in extensions installation folder. file:///root/.vscode/extensions
2024-11-12 08:47:55.214 [info] Settings Sync: Updating authentication providers. Authentication Providers from store: [{"id":"github","scopes":["user:email"]},{"id":"microsoft","scopes":["openid","profile","email","offline_access"]}]
2024-11-12 08:47:55.215 [info] Settings Sync: Authentication providers updated ["github","microsoft"]
2024-11-12 08:47:57.384 [info] [perf] Render performance baseline is 17ms
2024-11-12 08:48:02.117 [info] Started local extension host with pid 122386.
2024-11-12 08:48:02.481 [info] Settings Sync: Updating authentication providers. Authentication Providers from store: [{"id":"github","scopes":["user:email"]},{"id":"microsoft","scopes":["openid","profile","email","offline_access"]}]
2024-11-12 08:48:02.482 [info] Settings Sync: Authentication providers updated ["github","microsoft"]
2024-11-12 08:48:04.671 [info] [perf] Render performance baseline is 21ms
2024-11-12 08:48:07.874 [error] [network] #5: https://marketplace.visualstudio.com/_apis/public/gallery/extensionquery - error POST Canceled
2024-11-12 09:30:08.592 [error] Unknown (FileSystemError): Failed to move 'backup.conf' to the trash (Failed to move item to trash)
    at b6.create (file:///usr/share/code/resources/app/out/main.js:38:28832)
    at Vi (file:///usr/share/code/resources/app/out/main.js:38:26126)
    at Uy.y (file:///usr/share/code/resources/app/out/main.js:49:26885)
2024-11-12 09:30:08.605 [error] Failed to move 'backup.conf' to the trash (Failed to move item to trash): Unknown (FileSystemError): Failed to move 'backup.conf' to the trash (Failed to move item to trash)
    at b6.create (file:///usr/share/code/resources/app/out/main.js:38:28832)
    at Vi (file:///usr/share/code/resources/app/out/main.js:38:26126)
    at Uy.y (file:///usr/share/code/resources/app/out/main.js:49:26885)
2024-11-12 09:30:12.601 [error] Unknown (FileSystemError): Failed to move 'backup.sh' to the trash (Failed to move item to trash)
    at b6.create (file:///usr/share/code/resources/app/out/main.js:38:28832)
    at Vi (file:///usr/share/code/resources/app/out/main.js:38:26126)
    at Uy.y (file:///usr/share/code/resources/app/out/main.js:49:26885)
2024-11-12 09:30:12.612 [error] Failed to move 'backup.sh' to the trash (Failed to move item to trash): Unknown (FileSystemError): Failed to move 'backup.sh' to the trash (Failed to move item to trash)
    at b6.create (file:///usr/share/code/resources/app/out/main.js:38:28832)
    at Vi (file:///usr/share/code/resources/app/out/main.js:38:26126)
    at Uy.y (file:///usr/share/code/resources/app/out/main.js:49:26885)
2024-11-12 10:13:41.341 [warning] [File Watcher (node.js)] Watcher shutdown because watched path got deleted
2024-11-12 10:42:34.287 [warning] [File Watcher ('parcel')] started ignoring events due to too many file change events at once (incoming: 39087, most recent change: /home/kali/scripting/esercizio2/backup/backup_diff_20241112/.xhh.UKQoJy). Use 'files.watcherExclude' setting to exclude folders with lots of changing files (e.g. compilation output).
2024-11-12 10:44:07.010 [warning] [File Watcher ('parcel')] started ignoring events due to too many file change events at once (incoming: 38148, most recent change: /home/kali/scripting/esercizio2/backup/backup_diff_20241112/.xhq.iS2bDM). Use 'files.watcherExclude' setting to exclude folders with lots of changing files (e.g. compilation output).
