2024-11-12 08:47:54.399 [info] Added views:outline in workbench.view.explorer
2024-11-12 08:47:54.399 [info] Added views:workbench.view.search in workbench.view.search
2024-11-12 08:47:54.399 [info] Added views:workbench.scm in workbench.view.scm
2024-11-12 08:47:54.399 [info] Added views:workbench.panel.markers.view in workbench.panel.markers
2024-11-12 08:47:54.399 [info] Added views:workbench.panel.output in workbench.panel.output
2024-11-12 08:47:54.399 [info] Added views:terminal in terminal
2024-11-12 08:47:54.399 [info] Added views:timeline in workbench.view.explorer
2024-11-12 08:47:54.399 [info] Added views:workbench.explorer.emptyView in workbench.view.explorer
2024-11-12 08:47:54.590 [info] Added views:workbench.debug.variablesView,workbench.debug.watchExpressionsView,workbench.debug.callStackView,workbench.debug.breakPointsView in workbench.view.debug
2024-11-12 08:47:55.207 [info] Added views:~remote.forwardedPorts in ~remote.forwardedPortsContainer
2024-11-12 08:47:55.262 [info] Added views:workbench.panel.repl.view in workbench.panel.repl
2024-11-12 08:47:55.263 [info] Removed views:workbench.debug.breakPointsView,workbench.debug.callStackView,workbench.debug.watchExpressionsView,workbench.debug.variablesView from workbench.view.debug
2024-11-12 08:47:55.265 [info] Added views:workbench.debug.welcome in workbench.view.debug
2024-11-12 08:48:01.999 [info] Added views:outline in workbench.view.explorer
2024-11-12 08:48:01.999 [info] Added views:workbench.view.search in workbench.view.search
2024-11-12 08:48:01.999 [info] Added views:workbench.scm in workbench.view.scm
2024-11-12 08:48:01.999 [info] Added views:workbench.panel.markers.view in workbench.panel.markers
2024-11-12 08:48:01.999 [info] Added views:workbench.panel.output in workbench.panel.output
2024-11-12 08:48:01.999 [info] Added views:terminal in terminal
2024-11-12 08:48:01.999 [info] Added views:timeline in workbench.view.explorer
2024-11-12 08:48:01.999 [info] Added views:workbench.explorer.fileView in workbench.view.explorer
2024-11-12 08:48:02.201 [info] Added views:workbench.debug.variablesView,workbench.debug.watchExpressionsView,workbench.debug.callStackView,workbench.debug.breakPointsView in workbench.view.debug
2024-11-12 08:48:02.478 [info] Added views:~remote.forwardedPorts in ~remote.forwardedPortsContainer
2024-11-12 08:48:02.794 [info] Added views:workbench.panel.repl.view in workbench.panel.repl
2024-11-12 08:48:02.795 [info] Removed views:workbench.debug.breakPointsView,workbench.debug.callStackView,workbench.debug.watchExpressionsView,workbench.debug.variablesView from workbench.view.debug
2024-11-12 08:48:02.795 [info] Added views:workbench.debug.welcome in workbench.view.debug
2024-11-12 08:48:05.814 [info] Added views:workbench.views.extensions.installed,workbench.views.extensions.popular,extensions.recommendedList in workbench.view.extensions
2024-11-12 08:48:05.815 [info] Removed views:workbench.views.extensions.popular from workbench.view.extensions
2024-11-12 08:48:05.909 [info] Added views:workbench.views.extensions.popular in workbench.view.extensions
2024-11-12 08:48:07.868 [info] Removed views:extensions.recommendedList,workbench.views.extensions.popular,workbench.views.extensions.installed from workbench.view.extensions
2024-11-12 08:48:07.873 [info] Added views:workbench.views.extensions.marketplace in workbench.view.extensions
2024-11-12 10:13:18.924 [info] Added views:workbench.scm.history in workbench.view.scm
