2024-11-12 08:47:54.916 [info] Started initializing default profile extensions in extensions installation folder. file:///root/.vscode/extensions
2024-11-12 08:47:55.127 [warning] Failed to create default profile extensions manifest in extensions installation folder. file:///root/.vscode/extensions Unable to create file 'vscode-userdata:/root/.vscode/extensions/extensions.json' that already exists when overwrite flag is not set
2024-11-12 08:47:55.127 [info] Completed initializing default profile extensions in extensions installation folder. file:///root/.vscode/extensions
2024-11-12 08:47:55.153 [error] [uncaught exception in sharedProcess]: Error: ENOENT: no such file or directory, stat '/root/.vscode/extensions/extensions.json.vsctmp': EntryNotFound (FileSystemError): Error: ENOENT: no such file or directory, stat '/root/.vscode/extensions/extensions.json.vsctmp'
    at hm.create (file:///usr/share/code/resources/app/out/vs/code/electron-utility/sharedProcess/sharedProcessMain.js:35:39254)
    at Es (file:///usr/share/code/resources/app/out/vs/code/electron-utility/sharedProcess/sharedProcessMain.js:35:39361)
    at Fr.ib (file:///usr/share/code/resources/app/out/vs/code/electron-utility/sharedProcess/sharedProcessMain.js:71:22677)
    at Fr.stat (file:///usr/share/code/resources/app/out/vs/code/electron-utility/sharedProcess/sharedProcessMain.js:71:16010)
    at async Zl.stat (file:///usr/share/code/resources/app/out/vs/code/electron-utility/sharedProcess/sharedProcessMain.js:70:84491)
    at async Jl.yb (file:///usr/share/code/resources/app/out/vs/code/electron-utility/sharedProcess/sharedProcessMain.js:70:66605)
2024-11-12 08:48:11.848 [info] Getting Manifest... rogalmic.bash-debug
2024-11-12 08:48:11.945 [info] Installing extension: rogalmic.bash-debug {"isMachineScoped":false,"installPreReleaseVersion":false,"pinned":false,"profileLocation":{"$mid":1,"external":"vscode-userdata:/root/.vscode/extensions/extensions.json","path":"/root/.vscode/extensions/extensions.json","scheme":"vscode-userdata"},"installOnlyNewlyAddedFromExtensionPack":true,"isApplicationScoped":false,"productVersion":{"version":"1.95.2","date":"2024-11-07T11:07:22.054Z"}}
2024-11-12 08:48:12.771 [info] Getting Manifest... mads-hartmann.bash-ide-vscode
2024-11-12 08:48:12.853 [info] Installing extension: mads-hartmann.bash-ide-vscode {"isMachineScoped":false,"installPreReleaseVersion":false,"pinned":false,"profileLocation":{"$mid":1,"external":"vscode-userdata:/root/.vscode/extensions/extensions.json","path":"/root/.vscode/extensions/extensions.json","scheme":"vscode-userdata"},"installOnlyNewlyAddedFromExtensionPack":true,"isApplicationScoped":false,"productVersion":{"version":"1.95.2","date":"2024-11-07T11:07:22.054Z"}}
2024-11-12 08:48:13.610 [info] Extension signature verification result for rogalmic.bash-debug: Success. Executed: true. Duration: 1155ms.
2024-11-12 08:48:13.936 [info] Extension signature verification result for mads-hartmann.bash-ide-vscode: Success. Executed: true. Duration: 689ms.
2024-11-12 08:48:14.150 [info] Extracted extension to file:///root/.vscode/extensions/rogalmic.bash-debug-0.3.9: rogalmic.bash-debug
2024-11-12 08:48:14.157 [info] Renamed to /root/.vscode/extensions/rogalmic.bash-debug-0.3.9
2024-11-12 08:48:14.176 [info] Extension installed successfully: rogalmic.bash-debug vscode-userdata:/root/.vscode/extensions/extensions.json
2024-11-12 08:48:14.241 [error] [uncaught exception in sharedProcess]: Error: ENOENT: no such file or directory, stat '/root/.vscode/extensions/extensions.json.vsctmp': EntryNotFound (FileSystemError): Error: ENOENT: no such file or directory, stat '/root/.vscode/extensions/extensions.json.vsctmp'
    at hm.create (file:///usr/share/code/resources/app/out/vs/code/electron-utility/sharedProcess/sharedProcessMain.js:35:39254)
    at Es (file:///usr/share/code/resources/app/out/vs/code/electron-utility/sharedProcess/sharedProcessMain.js:35:39361)
    at Fr.ib (file:///usr/share/code/resources/app/out/vs/code/electron-utility/sharedProcess/sharedProcessMain.js:71:22677)
    at Fr.stat (file:///usr/share/code/resources/app/out/vs/code/electron-utility/sharedProcess/sharedProcessMain.js:71:16010)
    at async Zl.stat (file:///usr/share/code/resources/app/out/vs/code/electron-utility/sharedProcess/sharedProcessMain.js:70:84491)
    at async Jl.yb (file:///usr/share/code/resources/app/out/vs/code/electron-utility/sharedProcess/sharedProcessMain.js:70:66605)
2024-11-12 08:48:15.407 [info] Extracted extension to file:///root/.vscode/extensions/mads-hartmann.bash-ide-vscode-1.43.0: mads-hartmann.bash-ide-vscode
2024-11-12 08:48:15.413 [info] Renamed to /root/.vscode/extensions/mads-hartmann.bash-ide-vscode-1.43.0
2024-11-12 08:48:15.428 [info] Extension installed successfully: mads-hartmann.bash-ide-vscode vscode-userdata:/root/.vscode/extensions/extensions.json
2024-11-12 08:48:15.483 [info] Getting Manifest... shakram02.bash-beautify
2024-11-12 08:48:15.496 [error] [uncaught exception in sharedProcess]: Error: ENOENT: no such file or directory, stat '/root/.vscode/extensions/extensions.json.vsctmp': EntryNotFound (FileSystemError): Error: ENOENT: no such file or directory, stat '/root/.vscode/extensions/extensions.json.vsctmp'
    at hm.create (file:///usr/share/code/resources/app/out/vs/code/electron-utility/sharedProcess/sharedProcessMain.js:35:39254)
    at Es (file:///usr/share/code/resources/app/out/vs/code/electron-utility/sharedProcess/sharedProcessMain.js:35:39361)
    at Fr.ib (file:///usr/share/code/resources/app/out/vs/code/electron-utility/sharedProcess/sharedProcessMain.js:71:22677)
    at Fr.stat (file:///usr/share/code/resources/app/out/vs/code/electron-utility/sharedProcess/sharedProcessMain.js:71:16010)
    at async Zl.stat (file:///usr/share/code/resources/app/out/vs/code/electron-utility/sharedProcess/sharedProcessMain.js:70:84491)
    at async Jl.yb (file:///usr/share/code/resources/app/out/vs/code/electron-utility/sharedProcess/sharedProcessMain.js:70:66605)
2024-11-12 08:48:15.516 [info] Installing extension: shakram02.bash-beautify {"isMachineScoped":false,"installPreReleaseVersion":false,"pinned":false,"profileLocation":{"$mid":1,"external":"vscode-userdata:/root/.vscode/extensions/extensions.json","path":"/root/.vscode/extensions/extensions.json","scheme":"vscode-userdata"},"installOnlyNewlyAddedFromExtensionPack":true,"isApplicationScoped":false,"productVersion":{"version":"1.95.2","date":"2024-11-07T11:07:22.054Z"}}
2024-11-12 08:48:16.599 [info] Extension signature verification result for shakram02.bash-beautify: Success. Executed: true. Duration: 692ms.
2024-11-12 08:48:18.199 [info] Extracted extension to file:///root/.vscode/extensions/shakram02.bash-beautify-0.1.1: shakram02.bash-beautify
2024-11-12 08:48:18.206 [info] Renamed to /root/.vscode/extensions/shakram02.bash-beautify-0.1.1
2024-11-12 08:48:18.216 [info] Extension installed successfully: shakram02.bash-beautify vscode-userdata:/root/.vscode/extensions/extensions.json
2024-11-12 08:48:18.296 [error] [uncaught exception in sharedProcess]: Error: ENOENT: no such file or directory, stat '/root/.vscode/extensions/extensions.json.vsctmp': EntryNotFound (FileSystemError): Error: ENOENT: no such file or directory, stat '/root/.vscode/extensions/extensions.json.vsctmp'
    at hm.create (file:///usr/share/code/resources/app/out/vs/code/electron-utility/sharedProcess/sharedProcessMain.js:35:39254)
    at Es (file:///usr/share/code/resources/app/out/vs/code/electron-utility/sharedProcess/sharedProcessMain.js:35:39361)
    at Fr.ib (file:///usr/share/code/resources/app/out/vs/code/electron-utility/sharedProcess/sharedProcessMain.js:71:22677)
    at Fr.stat (file:///usr/share/code/resources/app/out/vs/code/electron-utility/sharedProcess/sharedProcessMain.js:71:16010)
    at async Zl.stat (file:///usr/share/code/resources/app/out/vs/code/electron-utility/sharedProcess/sharedProcessMain.js:70:84491)
    at async Jl.yb (file:///usr/share/code/resources/app/out/vs/code/electron-utility/sharedProcess/sharedProcessMain.js:70:66605)
