2024-11-12 08:47:55.174 [info] Extension host with pid 122218 started
2024-11-12 08:47:55.265 [info] ExtensionService#_doActivateExtension vscode.git-base, startup: true, activationEvent: '*', root cause: vscode.git
2024-11-12 08:47:55.355 [info] ExtensionService#_doActivateExtension vscode.git, startup: true, activationEvent: '*'
2024-11-12 08:47:55.432 [info] ExtensionService#_doActivateExtension vscode.github, startup: true, activationEvent: '*'
2024-11-12 08:47:55.536 [info] Eager extensions activated
2024-11-12 08:47:55.565 [info] ExtensionService#_doActivateExtension vscode.debug-auto-launch, startup: false, activationEvent: 'onStartupFinished'
2024-11-12 08:47:55.570 [info] ExtensionService#_doActivateExtension vscode.merge-conflict, startup: false, activationEvent: 'onStartupFinished'
2024-11-12 08:48:01.672 [info] Extension host terminating: renderer closed the MessagePort
2024-11-12 08:48:01.681 [info] Extension host with pid 122218 exiting with code 0
2024-11-12 08:48:02.712 [info] Extension host with pid 122386 started
2024-11-12 08:48:02.712 [info] Skipping acquiring lock for /home/kali/scripting/code/User/workspaceStorage/c6bbbfc4aa27fd906c8fc156267ca291.
2024-11-12 08:48:02.772 [info] ExtensionService#_doActivateExtension vscode.git-base, startup: true, activationEvent: '*'
2024-11-12 08:48:02.781 [info] ExtensionService#_doActivateExtension vscode.github, startup: true, activationEvent: '*'
2024-11-12 08:48:02.868 [info] Eager extensions activated
2024-11-12 08:48:02.891 [info] ExtensionService#_doActivateExtension vscode.debug-auto-launch, startup: false, activationEvent: 'onStartupFinished'
2024-11-12 08:48:02.898 [info] ExtensionService#_doActivateExtension vscode.merge-conflict, startup: false, activationEvent: 'onStartupFinished'
2024-11-12 08:48:04.155 [info] ExtensionService#_doActivateExtension vscode.git, startup: false, activationEvent: 'api', root cause: vscode.github
2024-11-12 08:48:05.189 [info] ExtensionService#_doActivateExtension vscode.emmet, startup: false, activationEvent: 'onLanguage'
2024-11-12 08:48:15.481 [info] ExtensionService#_doActivateExtension mads-hartmann.bash-ide-vscode, startup: false, activationEvent: 'onLanguage:shellscript'
2024-11-12 08:48:18.318 [info] ExtensionService#_doActivateExtension shakram02.bash-beautify, startup: false, activationEvent: 'onLanguage:shellscript'
2024-11-12 08:55:31.910 [info] ExtensionService#_doActivateExtension vscode.npm, startup: false, activationEvent: 'onTerminalQuickFixRequest:ms-vscode.npm-command'
